1505804066809	geckodriver	INFO	Listening on 127.0.0.1:61065
1505804068852	geckodriver::marionette	INFO	Starting browser \\?\C:\Program Files (x86)\Mozilla Firefox\firefox.exe with args ["-marionette"]
1505804069046	addons.manager	DEBUG	Application has been upgraded
1505804069047	addons.manager	ERROR	startup failed: [Exception... "Component returned failure code: 0x80070057 (NS_ERROR_ILLEGAL_VALUE) [nsIFile.create]"  nsresult: "0x80070057 (NS_ERROR_ILLEGAL_VALUE)"  location: "JS frame :: resource://gre/modules/FileUtils.jsm :: FileUtils_getDir :: line 70"  data: no] Stack trace: FileUtils_getDir()@resource://gre/modules/FileUtils.jsm:70 < FileUtils_getFile()@resource://gre/modules/FileUtils.jsm:42 < validateBlocklist()@resource://gre/modules/AddonManager.jsm:656 < startup()@resource://gre/modules/AddonManager.jsm:816 < startup()@resource://gre/modules/AddonManager.jsm:3122 < observe()@jar:file://///%3F/C:/Program%20Files%20(x86)/Mozilla%20Firefox/omni.ja!/components/addonManager.js:65
1505804069048	addons.manager	DEBUG	Completed startup sequence
JavaScript error: resource://gre/modules/AddonManager.jsm, line 1596: NS_ERROR_NOT_INITIALIZED: AddonManager is not initialized
1505804069555	Marionette	INFO	Enabled via --marionette
*** Blocklist::_preloadBlocklistFile: blocklist is disabled
JavaScript error: resource://gre/modules/AddonManager.jsm, line 2465: NS_ERROR_NOT_INITIALIZED: AddonManager is not initialized
JavaScript error: resource://gre/modules/AddonManager.jsm, line 3137: TypeError: AddonManagerInternal._getProviderByName(...) is undefined
1505804072509	addons.productaddons	INFO	sending request to: https://aus5.mozilla.org/update/3/GMP/55.0.3/20170824053622/WINNT_x86-msvc-x64/en-US/release/Windows_NT%2010.0.0.0%20(x64)/default/default/update.xml
1505804073108	Marionette	INFO	Listening on port 61071
1505804073121	Marionette	INFO	Listening on port 61071
1505804073690	addons.productaddons	INFO	Completed downloading document
1505804073902	addons.productaddons	INFO	downloadXHR File download. status=200
1505804073906	addons.productaddons	INFO	Downloaded file will be saved to C:\Users\ALEXAN~1\AppData\Local\Temp\tmpaddon-6c0f77
1505804074120	Marionette	WARN	TLS certificate errors will be ignored for this session
1505804076281	addons.productaddons	INFO	downloadXHR File download. status=200
1505804076284	addons.productaddons	INFO	Downloaded file will be saved to C:\Users\ALEXAN~1\AppData\Local\Temp\tmpaddon-b3b763
1505804085626	Marionette	INFO	New connections will no longer be accepted
